This file contains any messages produced by compilers while
running configure, to aid debugging if configure makes a mistake.

It was created by libusb configure 1.0.23, which was
generated by GNU Autoconf 2.69.  Invocation command line was

  $ ./configure --prefix=/usr/local

## --------- ##
## Platform. ##
## --------- ##

hostname = MacBook-Air-van-Vandijck.local
uname -m = x86_64
uname -r = 19.0.0
uname -s = Darwin
uname -v = Darwin Kernel Version 19.0.0: Thu Oct 17 16:17:15 PDT 2019; root:xnu-6153.41.3~29/RELEASE_X86_64

/usr/bin/uname -p = i386
/bin/uname -X     = unknown

/bin/arch              = unknown
/usr/bin/arch -k       = unknown
/usr/convex/getsysinfo = unknown
/usr/bin/hostinfo      = Mach kernel version:
	 Darwin Kernel Version 19.0.0: Thu Oct 17 16:17:15 PDT 2019; root:xnu-6153.41.3~29/RELEASE_X86_64
Kernel configured for up to 4 processors.
2 processors are physically available.
4 processors are logically available.
Processor type: x86_64h (Intel x86-64h Haswell)
Processors active: 0 1 2 3
Primary memory available: 8.00 gigabytes
Default processor set: 439 tasks, 1544 threads, 4 processors
Load average: 3.29, Mach factor: 2.05
/bin/machine           = unknown
/usr/bin/oslevel       = unknown
/bin/universe          = unknown

PATH: /usr/local/bin
PATH: /usr/bin
PATH: /bin
PATH: /usr/sbin
PATH: /sbin


## ----------- ##
## Core tests. ##
## ----------- ##

configure:2570: checking for a BSD-compatible install
configure:2638: result: /usr/bin/install -c
configure:2649: checking whether build environment is sane
configure:2704: result: yes
configure:2855: checking for a thread-safe mkdir -p
configure:2894: result: ./install-sh -c -d
configure:2901: checking for gawk
configure:2931: result: no
configure:2901: checking for mawk
configure:2931: result: no
configure:2901: checking for nawk
configure:2931: result: no
configure:2901: checking for awk
configure:2917: found /usr/bin/awk
configure:2928: result: awk
configure:2939: checking whether make sets $(MAKE)
configure:2961: result: yes
configure:2990: checking whether make supports nested variables
configure:3007: result: yes
configure:3149: checking whether make supports nested variables
configure:3166: result: yes
configure:3227: checking for gcc
configure:3243: found /usr/bin/gcc
configure:3254: result: gcc
configure:3483: checking for C compiler version
configure:3492: gcc --version >&5
Apple clang version 11.0.0 (clang-1100.0.33.17)
Target: x86_64-apple-darwin19.0.0
Thread model: posix
InstalledDir: /Applications/Xcode.app/Contents/Developer/Toolchains/XcodeDefault.xctoolchain/usr/bin
Configured with: --prefix=/Applications/Xcode.app/Contents/Developer/usr --with-gxx-include-dir=/Applications/Xcode.app/Contents/Developer/Platforms/MacOSX.platform/Developer/SDKs/MacOSX.sdk/usr/include/c++/4.2.1
configure:3503: $? = 0
configure:3492: gcc -v >&5
Configured with: --prefix=/Applications/Xcode.app/Contents/Developer/usr --with-gxx-include-dir=/Applications/Xcode.app/Contents/Developer/Platforms/MacOSX.platform/Developer/SDKs/MacOSX.sdk/usr/include/c++/4.2.1
Apple clang version 11.0.0 (clang-1100.0.33.17)
Target: x86_64-apple-darwin19.0.0
Thread model: posix
InstalledDir: /Applications/Xcode.app/Contents/Developer/Toolchains/XcodeDefault.xctoolchain/usr/bin
configure:3503: $? = 0
configure:3492: gcc -V >&5
clang: error: unsupported option '-V -Wno-framework-include-private-from-public'
clang: error: no input files
configure:3503: $? = 1
configure:3492: gcc -qversion >&5
clang: error: unknown argument '-qversion', did you mean '--version'?
clang: error: no input files
configure:3503: $? = 1
configure:3523: checking whether the C compiler works
configure:3545: gcc    conftest.c  >&5
configure:3549: $? = 0
configure:3597: result: yes
configure:3600: checking for C compiler default output file name
configure:3602: result: a.out
configure:3608: checking for suffix of executables
configure:3615: gcc -o conftest    conftest.c  >&5
configure:3619: $? = 0
configure:3641: result: 
configure:3663: checking whether we are cross compiling
configure:3671: gcc -o conftest    conftest.c  >&5
configure:3675: $? = 0
configure:3682: ./conftest
configure:3686: $? = 0
configure:3701: result: no
configure:3706: checking for suffix of object files
configure:3728: gcc -c   conftest.c >&5
configure:3732: $? = 0
configure:3753: result: o
configure:3757: checking whether we are using the GNU C compiler
configure:3776: gcc -c   conftest.c >&5
configure:3776: $? = 0
configure:3785: result: yes
configure:3794: checking whether gcc accepts -g
configure:3814: gcc -c -g  conftest.c >&5
configure:3814: $? = 0
configure:3855: result: yes
configure:3872: checking for gcc option to accept ISO C89
configure:3935: gcc  -c -g -O2  conftest.c >&5
configure:3935: $? = 0
configure:3948: result: none needed
configure:3973: checking whether gcc understands -c and -o together
configure:3995: gcc -c conftest.c -o conftest2.o
configure:3998: $? = 0
configure:3995: gcc -c conftest.c -o conftest2.o
configure:3998: $? = 0
configure:4010: result: yes
configure:4038: checking for style of include used by make
configure:4066: result: GNU
configure:4092: checking dependency style of gcc
configure:4203: result: gcc3
configure:4276: checking for g++
configure:4292: found /usr/bin/g++
configure:4303: result: g++
configure:4330: checking for C++ compiler version
configure:4339: g++ --version >&5
Apple clang version 11.0.0 (clang-1100.0.33.17)
Target: x86_64-apple-darwin19.0.0
Thread model: posix
InstalledDir: /Applications/Xcode.app/Contents/Developer/Toolchains/XcodeDefault.xctoolchain/usr/bin
Configured with: --prefix=/Applications/Xcode.app/Contents/Developer/usr --with-gxx-include-dir=/Applications/Xcode.app/Contents/Developer/Platforms/MacOSX.platform/Developer/SDKs/MacOSX.sdk/usr/include/c++/4.2.1
configure:4350: $? = 0
configure:4339: g++ -v >&5
Configured with: --prefix=/Applications/Xcode.app/Contents/Developer/usr --with-gxx-include-dir=/Applications/Xcode.app/Contents/Developer/Platforms/MacOSX.platform/Developer/SDKs/MacOSX.sdk/usr/include/c++/4.2.1
Apple clang version 11.0.0 (clang-1100.0.33.17)
Target: x86_64-apple-darwin19.0.0
Thread model: posix
InstalledDir: /Applications/Xcode.app/Contents/Developer/Toolchains/XcodeDefault.xctoolchain/usr/bin
configure:4350: $? = 0
configure:4339: g++ -V >&5
clang: error: unsupported option '-V -Wno-framework-include-private-from-public'
clang: error: no input files
configure:4350: $? = 1
configure:4339: g++ -qversion >&5
clang: error: unknown argument '-qversion', did you mean '--version'?
clang: error: no input files
configure:4350: $? = 1
configure:4354: checking whether we are using the GNU C++ compiler
configure:4373: g++ -c   conftest.cpp >&5
configure:4373: $? = 0
configure:4382: result: yes
configure:4391: checking whether g++ accepts -g
configure:4411: g++ -c -g  conftest.cpp >&5
configure:4411: $? = 0
configure:4452: result: yes
configure:4477: checking dependency style of g++
configure:4588: result: gcc3
configure:4632: checking build system type
configure:4646: result: x86_64-apple-darwin19.0.0
configure:4666: checking host system type
configure:4679: result: x86_64-apple-darwin19.0.0
configure:4720: checking how to print strings
configure:4747: result: printf
configure:4768: checking for a sed that does not truncate output
configure:4832: result: /usr/bin/sed
configure:4850: checking for grep that handles long lines and -e
configure:4908: result: /usr/bin/grep
configure:4913: checking for egrep
configure:4975: result: /usr/bin/grep -E
configure:4980: checking for fgrep
configure:5042: result: /usr/bin/grep -F
configure:5077: checking for ld used by gcc
configure:5144: result: /Applications/Xcode.app/Contents/Developer/Toolchains/XcodeDefault.xctoolchain/usr/bin/ld
configure:5151: checking if the linker (/Applications/Xcode.app/Contents/Developer/Toolchains/XcodeDefault.xctoolchain/usr/bin/ld) is GNU ld
configure:5166: result: no
configure:5178: checking for BSD- or MS-compatible name lister (nm)
configure:5232: result: /usr/bin/nm -B
configure:5362: checking the name lister (/usr/bin/nm -B) interface
configure:5369: gcc -c -g -O2  conftest.c >&5
configure:5372: /usr/bin/nm -B "conftest.o"
configure:5375: output
0000000000000234 S _some_variable
configure:5382: result: BSD nm
configure:5385: checking whether ln -s works
configure:5389: result: yes
configure:5397: checking the maximum length of command line arguments
configure:5528: result: 196608
configure:5576: checking how to convert x86_64-apple-darwin19.0.0 file names to x86_64-apple-darwin19.0.0 format
configure:5616: result: func_convert_file_noop
configure:5623: checking how to convert x86_64-apple-darwin19.0.0 file names to toolchain format
configure:5643: result: func_convert_file_noop
configure:5650: checking for /Applications/Xcode.app/Contents/Developer/Toolchains/XcodeDefault.xctoolchain/usr/bin/ld option to reload object files
configure:5657: result: -r
configure:5731: checking for objdump
configure:5747: found /usr/bin/objdump
configure:5758: result: objdump
configure:5790: checking how to recognize dependent libraries
configure:5990: result: pass_all
configure:6075: checking for dlltool
configure:6105: result: no
configure:6135: checking how to associate runtime and link libraries
configure:6162: result: printf %s\n
configure:6223: checking for ar
configure:6239: found /usr/bin/ar
configure:6250: result: ar
configure:6287: checking for archiver @FILE support
configure:6304: gcc -c -g -O2  conftest.c >&5
configure:6304: $? = 0
configure:6307: ar cru libconftest.a @conftest.lst >&5
ar: @conftest.lst: No such file or directory
configure:6310: $? = 1
configure:6330: result: no
configure:6388: checking for strip
configure:6404: found /usr/bin/strip
configure:6415: result: strip
configure:6487: checking for ranlib
configure:6503: found /usr/bin/ranlib
configure:6514: result: ranlib
configure:6616: checking command to parse /usr/bin/nm -B output from gcc object
configure:6769: gcc -c -g -O2  conftest.c >&5
configure:6772: $? = 0
configure:6776: /usr/bin/nm -B conftest.o \| sed -n -e 's/^.*[ ]\([BCDEGRST][BCDEGRST]*\)[ ][ ]*\([_A-Za-z][_A-Za-z0-9]*\)$/\1 \2 \2/p' | sed '/ __gnu_lto/d' \> conftest.nm
configure:6779: $? = 0
cannot find nm_test_var in conftest.nm
configure:6769: gcc -c -g -O2  conftest.c >&5
configure:6772: $? = 0
configure:6776: /usr/bin/nm -B conftest.o \| sed -n -e 's/^.*[ ]\([BCDEGRST][BCDEGRST]*\)[ ][ ]*_\([_A-Za-z][_A-Za-z0-9]*\)$/\1 _\2 \2/p' | sed '/ __gnu_lto/d' \> conftest.nm
configure:6779: $? = 0
configure:6845: gcc -o conftest -g -O2   conftest.c conftstm.o >&5
warning: (x86_64)  could not find object file symbol for symbol _main
configure:6848: $? = 0
configure:6886: result: ok
configure:6933: checking for sysroot
configure:6963: result: no
configure:6970: checking for a working dd
configure:7008: result: /bin/dd
configure:7012: checking how to truncate binary pipes
configure:7027: result: /bin/dd bs=4096 count=1
configure:7356: checking for mt
configure:7386: result: no
configure:7406: checking if : is a manifest tool
configure:7412: : '-?'
configure:7420: result: no
configure:7476: checking for dsymutil
configure:7492: found /usr/bin/dsymutil
configure:7503: result: dsymutil
configure:7568: checking for nmedit
configure:7584: found /usr/bin/nmedit
configure:7595: result: nmedit
configure:7660: checking for lipo
configure:7676: found /usr/bin/lipo
configure:7687: result: lipo
configure:7752: checking for otool
configure:7768: found /usr/bin/otool
configure:7779: result: otool
configure:7844: checking for otool64
configure:7874: result: no
configure:7919: checking for -single_module linker flag
gcc -g -O2  -o libconftest.dylib -dynamiclib -Wl,-single_module conftest.c
configure:7952: result: yes
configure:7955: checking for -exported_symbols_list linker flag
configure:7975: gcc -o conftest -g -O2   -Wl,-exported_symbols_list,conftest.sym conftest.c  >&5
configure:7975: $? = 0
configure:7985: result: yes
configure:7988: checking for -force_load linker flag
gcc -g -O2 -c -o conftest.o conftest.c
ar cru libconftest.a conftest.o
ranlib libconftest.a
gcc -g -O2  -o conftest conftest.c -Wl,-force_load,./libconftest.a
configure:8020: result: yes
configure:8097: checking how to run the C preprocessor
configure:8128: gcc -E  conftest.c
configure:8128: $? = 0
configure:8142: gcc -E  conftest.c
conftest.c:11:10: fatal error: 'ac_nonexistent.h' file not found
#include <ac_nonexistent.h>
         ^~~~~~~~~~~~~~~~~~
1 error generated.
configure:8142: $? = 1
configure: failed program was:
| /* confdefs.h */
| #define PACKAGE_NAME "libusb"
| #define PACKAGE_TARNAME "libusb"
| #define PACKAGE_VERSION "1.0.23"
| #define PACKAGE_STRING "libusb 1.0.23"
| #define PACKAGE_BUGREPORT "libusb-devel@lists.sourceforge.net"
| #define PACKAGE_URL "http://libusb.info"
| #define PACKAGE "libusb"
| #define VERSION "1.0.23"
| /* end confdefs.h.  */
| #include <ac_nonexistent.h>
configure:8167: result: gcc -E
configure:8187: gcc -E  conftest.c
configure:8187: $? = 0
configure:8201: gcc -E  conftest.c
conftest.c:11:10: fatal error: 'ac_nonexistent.h' file not found
#include <ac_nonexistent.h>
         ^~~~~~~~~~~~~~~~~~
1 error generated.
configure:8201: $? = 1
configure: failed program was:
| /* confdefs.h */
| #define PACKAGE_NAME "libusb"
| #define PACKAGE_TARNAME "libusb"
| #define PACKAGE_VERSION "1.0.23"
| #define PACKAGE_STRING "libusb 1.0.23"
| #define PACKAGE_BUGREPORT "libusb-devel@lists.sourceforge.net"
| #define PACKAGE_URL "http://libusb.info"
| #define PACKAGE "libusb"
| #define VERSION "1.0.23"
| /* end confdefs.h.  */
| #include <ac_nonexistent.h>
configure:8230: checking for ANSI C header files
configure:8250: gcc -c -g -O2  conftest.c >&5
configure:8250: $? = 0
configure:8323: gcc -o conftest -g -O2   conftest.c  >&5
configure:8323: $? = 0
configure:8323: ./conftest
configure:8323: $? = 0
configure:8334: result: yes
configure:8347: checking for sys/types.h
configure:8347: gcc -c -g -O2  conftest.c >&5
configure:8347: $? = 0
configure:8347: result: yes
configure:8347: checking for sys/stat.h
configure:8347: gcc -c -g -O2  conftest.c >&5
configure:8347: $? = 0
configure:8347: result: yes
configure:8347: checking for stdlib.h
configure:8347: gcc -c -g -O2  conftest.c >&5
configure:8347: $? = 0
configure:8347: result: yes
configure:8347: checking for string.h
configure:8347: gcc -c -g -O2  conftest.c >&5
configure:8347: $? = 0
configure:8347: result: yes
configure:8347: checking for memory.h
configure:8347: gcc -c -g -O2  conftest.c >&5
configure:8347: $? = 0
configure:8347: result: yes
configure:8347: checking for strings.h
configure:8347: gcc -c -g -O2  conftest.c >&5
configure:8347: $? = 0
configure:8347: result: yes
configure:8347: checking for inttypes.h
configure:8347: gcc -c -g -O2  conftest.c >&5
configure:8347: $? = 0
configure:8347: result: yes
configure:8347: checking for stdint.h
configure:8347: gcc -c -g -O2  conftest.c >&5
configure:8347: $? = 0
configure:8347: result: yes
configure:8347: checking for unistd.h
configure:8347: gcc -c -g -O2  conftest.c >&5
configure:8347: $? = 0
configure:8347: result: yes
configure:8361: checking for dlfcn.h
configure:8361: gcc -c -g -O2  conftest.c >&5
configure:8361: $? = 0
configure:8361: result: yes
configure:8628: checking for objdir
configure:8643: result: .libs
configure:8907: checking if gcc supports -fno-rtti -fno-exceptions
configure:8925: gcc -c -g -O2  -fno-rtti -fno-exceptions conftest.c >&5
configure:8929: $? = 0
configure:8942: result: yes
configure:9300: checking for gcc option to produce PIC
configure:9307: result: -fno-common -DPIC
configure:9315: checking if gcc PIC flag -fno-common -DPIC works
configure:9333: gcc -c -g -O2  -fno-common -DPIC -DPIC conftest.c >&5
configure:9337: $? = 0
configure:9350: result: yes
configure:9379: checking if gcc static flag -static works
configure:9407: result: no
configure:9422: checking if gcc supports -c -o file.o
configure:9443: gcc -c -g -O2  -o out/conftest2.o conftest.c >&5
configure:9447: $? = 0
configure:9469: result: yes
configure:9477: checking if gcc supports -c -o file.o
configure:9524: result: yes
configure:9557: checking whether the gcc linker (/Applications/Xcode.app/Contents/Developer/Toolchains/XcodeDefault.xctoolchain/usr/bin/ld) supports shared libraries
configure:10820: result: yes
configure:11060: checking dynamic linker characteristics
configure:11890: result: darwin19.0.0 dyld
configure:12012: checking how to hardcode library paths into programs
configure:12037: result: immediate
configure:12585: checking whether stripping libraries is possible
configure:12599: result: yes
configure:12625: checking if libtool supports shared libraries
configure:12627: result: yes
configure:12630: checking whether to build shared libraries
configure:12655: result: yes
configure:12658: checking whether to build static libraries
configure:12662: result: yes
configure:12685: checking how to run the C++ preprocessor
configure:12712: g++ -E  conftest.cpp
configure:12712: $? = 0
configure:12726: g++ -E  conftest.cpp
conftest.cpp:23:10: fatal error: 'ac_nonexistent.h' file not found
#include <ac_nonexistent.h>
         ^~~~~~~~~~~~~~~~~~
1 error generated.
configure:12726: $? = 1
configure: failed program was:
| /* confdefs.h */
| #define PACKAGE_NAME "libusb"
| #define PACKAGE_TARNAME "libusb"
| #define PACKAGE_VERSION "1.0.23"
| #define PACKAGE_STRING "libusb 1.0.23"
| #define PACKAGE_BUGREPORT "libusb-devel@lists.sourceforge.net"
| #define PACKAGE_URL "http://libusb.info"
| #define PACKAGE "libusb"
| #define VERSION "1.0.23"
| #define STDC_HEADERS 1
| #define HAVE_SYS_TYPES_H 1
| #define HAVE_SYS_STAT_H 1
| #define HAVE_STDLIB_H 1
| #define HAVE_STRING_H 1
| #define HAVE_MEMORY_H 1
| #define HAVE_STRINGS_H 1
| #define HAVE_INTTYPES_H 1
| #define HAVE_STDINT_H 1
| #define HAVE_UNISTD_H 1
| #define HAVE_DLFCN_H 1
| #define LT_OBJDIR ".libs/"
| /* end confdefs.h.  */
| #include <ac_nonexistent.h>
configure:12751: result: g++ -E
configure:12771: g++ -E  conftest.cpp
configure:12771: $? = 0
configure:12785: g++ -E  conftest.cpp
conftest.cpp:23:10: fatal error: 'ac_nonexistent.h' file not found
#include <ac_nonexistent.h>
         ^~~~~~~~~~~~~~~~~~
1 error generated.
configure:12785: $? = 1
configure: failed program was:
| /* confdefs.h */
| #define PACKAGE_NAME "libusb"
| #define PACKAGE_TARNAME "libusb"
| #define PACKAGE_VERSION "1.0.23"
| #define PACKAGE_STRING "libusb 1.0.23"
| #define PACKAGE_BUGREPORT "libusb-devel@lists.sourceforge.net"
| #define PACKAGE_URL "http://libusb.info"
| #define PACKAGE "libusb"
| #define VERSION "1.0.23"
| #define STDC_HEADERS 1
| #define HAVE_SYS_TYPES_H 1
| #define HAVE_SYS_STAT_H 1
| #define HAVE_STDLIB_H 1
| #define HAVE_STRING_H 1
| #define HAVE_MEMORY_H 1
| #define HAVE_STRINGS_H 1
| #define HAVE_INTTYPES_H 1
| #define HAVE_STDINT_H 1
| #define HAVE_UNISTD_H 1
| #define HAVE_DLFCN_H 1
| #define LT_OBJDIR ".libs/"
| /* end confdefs.h.  */
| #include <ac_nonexistent.h>
configure:12947: checking for ld used by g++
configure:13014: result: /Applications/Xcode.app/Contents/Developer/Toolchains/XcodeDefault.xctoolchain/usr/bin/ld
configure:13021: checking if the linker (/Applications/Xcode.app/Contents/Developer/Toolchains/XcodeDefault.xctoolchain/usr/bin/ld) is GNU ld
configure:13036: result: no
configure:13091: checking whether the g++ linker (/Applications/Xcode.app/Contents/Developer/Toolchains/XcodeDefault.xctoolchain/usr/bin/ld) supports shared libraries
configure:14164: result: yes
configure:14200: g++ -c -g -O2  conftest.cpp >&5
configure:14203: $? = 0
configure:14684: checking for g++ option to produce PIC
configure:14691: result: -fno-common -DPIC
configure:14699: checking if g++ PIC flag -fno-common -DPIC works
configure:14717: g++ -c -g -O2  -fno-common -DPIC -DPIC conftest.cpp >&5
configure:14721: $? = 0
configure:14734: result: yes
configure:14757: checking if g++ static flag -static works
configure:14785: result: no
configure:14797: checking if g++ supports -c -o file.o
configure:14818: g++ -c -g -O2  -o out/conftest2.o conftest.cpp >&5
configure:14822: $? = 0
configure:14844: result: yes
configure:14849: checking if g++ supports -c -o file.o
configure:14896: result: yes
configure:14926: checking whether the g++ linker (/Applications/Xcode.app/Contents/Developer/Toolchains/XcodeDefault.xctoolchain/usr/bin/ld) supports shared libraries
configure:14969: result: yes
configure:15110: checking dynamic linker characteristics
configure:15867: result: darwin19.0.0 dyld
configure:15932: checking how to hardcode library paths into programs
configure:15957: result: immediate
configure:16061: checking for windres
configure:16091: result: no
configure:16188: checking for inline
configure:16204: gcc -c -g -O2  conftest.c >&5
configure:16204: $? = 0
configure:16212: result: inline
configure:16237: checking operating system
configure:16258: result: Darwin/Mac OS X
configure:16507: checking poll.h usability
configure:16507: gcc -c -g -O2  conftest.c >&5
configure:16507: $? = 0
configure:16507: result: yes
configure:16507: checking poll.h presence
configure:16507: gcc -E  conftest.c
configure:16507: $? = 0
configure:16507: result: yes
configure:16507: checking for poll.h
configure:16507: result: yes
configure:16517: checking for nfds_t
configure:16517: gcc -c -g -O2  conftest.c >&5
configure:16517: $? = 0
configure:16517: gcc -c -g -O2  conftest.c >&5
conftest.c:31:21: error: expected expression
if (sizeof ((nfds_t)))
                    ^
1 error generated.
configure:16517: $? = 1
configure: failed program was:
| /* confdefs.h */
| #define PACKAGE_NAME "libusb"
| #define PACKAGE_TARNAME "libusb"
| #define PACKAGE_VERSION "1.0.23"
| #define PACKAGE_STRING "libusb 1.0.23"
| #define PACKAGE_BUGREPORT "libusb-devel@lists.sourceforge.net"
| #define PACKAGE_URL "http://libusb.info"
| #define PACKAGE "libusb"
| #define VERSION "1.0.23"
| #define STDC_HEADERS 1
| #define HAVE_SYS_TYPES_H 1
| #define HAVE_SYS_STAT_H 1
| #define HAVE_STDLIB_H 1
| #define HAVE_STRING_H 1
| #define HAVE_MEMORY_H 1
| #define HAVE_STRINGS_H 1
| #define HAVE_INTTYPES_H 1
| #define HAVE_STDINT_H 1
| #define HAVE_UNISTD_H 1
| #define HAVE_DLFCN_H 1
| #define LT_OBJDIR ".libs/"
| #define _GNU_SOURCE 1
| #define OS_DARWIN 1
| #define HAVE_POLL_H 1
| /* end confdefs.h.  */
| #include <poll.h>
| 
| int
| main ()
| {
| if (sizeof ((nfds_t)))
| 	    return 0;
|   ;
|   return 0;
| }
configure:16517: result: yes
configure:16729: checking sys/timerfd.h usability
configure:16729: gcc -c -g -O2  conftest.c >&5
conftest.c:61:10: fatal error: 'sys/timerfd.h' file not found
#include <sys/timerfd.h>
         ^~~~~~~~~~~~~~~
1 error generated.
configure:16729: $? = 1
configure: failed program was:
| /* confdefs.h */
| #define PACKAGE_NAME "libusb"
| #define PACKAGE_TARNAME "libusb"
| #define PACKAGE_VERSION "1.0.23"
| #define PACKAGE_STRING "libusb 1.0.23"
| #define PACKAGE_BUGREPORT "libusb-devel@lists.sourceforge.net"
| #define PACKAGE_URL "http://libusb.info"
| #define PACKAGE "libusb"
| #define VERSION "1.0.23"
| #define STDC_HEADERS 1
| #define HAVE_SYS_TYPES_H 1
| #define HAVE_SYS_STAT_H 1
| #define HAVE_STDLIB_H 1
| #define HAVE_STRING_H 1
| #define HAVE_MEMORY_H 1
| #define HAVE_STRINGS_H 1
| #define HAVE_INTTYPES_H 1
| #define HAVE_STDINT_H 1
| #define HAVE_UNISTD_H 1
| #define HAVE_DLFCN_H 1
| #define LT_OBJDIR ".libs/"
| #define _GNU_SOURCE 1
| #define OS_DARWIN 1
| #define HAVE_POLL_H 1
| #define POLL_NFDS_TYPE nfds_t
| #define THREADS_POSIX 1
| /* end confdefs.h.  */
| #include <stdio.h>
| #ifdef HAVE_SYS_TYPES_H
| # include <sys/types.h>
| #endif
| #ifdef HAVE_SYS_STAT_H
| # include <sys/stat.h>
| #endif
| #ifdef STDC_HEADERS
| # include <stdlib.h>
| # include <stddef.h>
| #else
| # ifdef HAVE_STDLIB_H
| #  include <stdlib.h>
| # endif
| #endif
| #ifdef HAVE_STRING_H
| # if !defined STDC_HEADERS && defined HAVE_MEMORY_H
| #  include <memory.h>
| # endif
| # include <string.h>
| #endif
| #ifdef HAVE_STRINGS_H
| # include <strings.h>
| #endif
| #ifdef HAVE_INTTYPES_H
| # include <inttypes.h>
| #endif
| #ifdef HAVE_STDINT_H
| # include <stdint.h>
| #endif
| #ifdef HAVE_UNISTD_H
| # include <unistd.h>
| #endif
| #include <sys/timerfd.h>
configure:16729: result: no
configure:16729: checking sys/timerfd.h presence
configure:16729: gcc -E  conftest.c
conftest.c:28:10: fatal error: 'sys/timerfd.h' file not found
#include <sys/timerfd.h>
         ^~~~~~~~~~~~~~~
1 error generated.
configure:16729: $? = 1
configure: failed program was:
| /* confdefs.h */
| #define PACKAGE_NAME "libusb"
| #define PACKAGE_TARNAME "libusb"
| #define PACKAGE_VERSION "1.0.23"
| #define PACKAGE_STRING "libusb 1.0.23"
| #define PACKAGE_BUGREPORT "libusb-devel@lists.sourceforge.net"
| #define PACKAGE_URL "http://libusb.info"
| #define PACKAGE "libusb"
| #define VERSION "1.0.23"
| #define STDC_HEADERS 1
| #define HAVE_SYS_TYPES_H 1
| #define HAVE_SYS_STAT_H 1
| #define HAVE_STDLIB_H 1
| #define HAVE_STRING_H 1
| #define HAVE_MEMORY_H 1
| #define HAVE_STRINGS_H 1
| #define HAVE_INTTYPES_H 1
| #define HAVE_STDINT_H 1
| #define HAVE_UNISTD_H 1
| #define HAVE_DLFCN_H 1
| #define LT_OBJDIR ".libs/"
| #define _GNU_SOURCE 1
| #define OS_DARWIN 1
| #define HAVE_POLL_H 1
| #define POLL_NFDS_TYPE nfds_t
| #define THREADS_POSIX 1
| /* end confdefs.h.  */
| #include <sys/timerfd.h>
configure:16729: result: no
configure:16729: checking for sys/timerfd.h
configure:16729: result: no
configure:16749: checking whether TFD_NONBLOCK is declared
configure:16749: gcc -c -g -O2  conftest.c >&5
conftest.c:28:10: fatal error: 'sys/timerfd.h' file not found
#include <sys/timerfd.h>
         ^~~~~~~~~~~~~~~
1 error generated.
configure:16749: $? = 1
configure: failed program was:
| /* confdefs.h */
| #define PACKAGE_NAME "libusb"
| #define PACKAGE_TARNAME "libusb"
| #define PACKAGE_VERSION "1.0.23"
| #define PACKAGE_STRING "libusb 1.0.23"
| #define PACKAGE_BUGREPORT "libusb-devel@lists.sourceforge.net"
| #define PACKAGE_URL "http://libusb.info"
| #define PACKAGE "libusb"
| #define VERSION "1.0.23"
| #define STDC_HEADERS 1
| #define HAVE_SYS_TYPES_H 1
| #define HAVE_SYS_STAT_H 1
| #define HAVE_STDLIB_H 1
| #define HAVE_STRING_H 1
| #define HAVE_MEMORY_H 1
| #define HAVE_STRINGS_H 1
| #define HAVE_INTTYPES_H 1
| #define HAVE_STDINT_H 1
| #define HAVE_UNISTD_H 1
| #define HAVE_DLFCN_H 1
| #define LT_OBJDIR ".libs/"
| #define _GNU_SOURCE 1
| #define OS_DARWIN 1
| #define HAVE_POLL_H 1
| #define POLL_NFDS_TYPE nfds_t
| #define THREADS_POSIX 1
| /* end confdefs.h.  */
| #include <sys/timerfd.h>
| 
| int
| main ()
| {
| #ifndef TFD_NONBLOCK
| #ifdef __cplusplus
|   (void) TFD_NONBLOCK;
| #else
|   (void) TFD_NONBLOCK;
| #endif
| #endif
| 
|   ;
|   return 0;
| }
configure:16749: result: no
configure:16765: checking whether TFD_CLOEXEC is declared
configure:16765: gcc -c -g -O2  conftest.c >&5
conftest.c:29:10: fatal error: 'sys/timerfd.h' file not found
#include <sys/timerfd.h>
         ^~~~~~~~~~~~~~~
1 error generated.
configure:16765: $? = 1
configure: failed program was:
| /* confdefs.h */
| #define PACKAGE_NAME "libusb"
| #define PACKAGE_TARNAME "libusb"
| #define PACKAGE_VERSION "1.0.23"
| #define PACKAGE_STRING "libusb 1.0.23"
| #define PACKAGE_BUGREPORT "libusb-devel@lists.sourceforge.net"
| #define PACKAGE_URL "http://libusb.info"
| #define PACKAGE "libusb"
| #define VERSION "1.0.23"
| #define STDC_HEADERS 1
| #define HAVE_SYS_TYPES_H 1
| #define HAVE_SYS_STAT_H 1
| #define HAVE_STDLIB_H 1
| #define HAVE_STRING_H 1
| #define HAVE_MEMORY_H 1
| #define HAVE_STRINGS_H 1
| #define HAVE_INTTYPES_H 1
| #define HAVE_STDINT_H 1
| #define HAVE_UNISTD_H 1
| #define HAVE_DLFCN_H 1
| #define LT_OBJDIR ".libs/"
| #define _GNU_SOURCE 1
| #define OS_DARWIN 1
| #define HAVE_POLL_H 1
| #define POLL_NFDS_TYPE nfds_t
| #define THREADS_POSIX 1
| #define HAVE_DECL_TFD_NONBLOCK 0
| /* end confdefs.h.  */
| #include <sys/timerfd.h>
| 
| int
| main ()
| {
| #ifndef TFD_CLOEXEC
| #ifdef __cplusplus
|   (void) TFD_CLOEXEC;
| #else
|   (void) TFD_CLOEXEC;
| #endif
| #endif
| 
|   ;
|   return 0;
| }
configure:16765: result: no
configure:16786: checking whether to use timerfd for timing
configure:16799: result: no (header not available)
configure:16806: checking for pipe2
configure:16806: gcc -o conftest -g -O2   conftest.c -lobjc -Wl,-framework,IOKit -Wl,-framework,CoreFoundation >&5
Undefined symbols for architecture x86_64:
  "_pipe2", referenced from:
      _main in conftest-79fd52.o
ld: symbol(s) not found for architecture x86_64
clang: error: linker command failed with exit code 1 (use -v to see invocation)
configure:16806: $? = 1
configure: failed program was:
| /* confdefs.h */
| #define PACKAGE_NAME "libusb"
| #define PACKAGE_TARNAME "libusb"
| #define PACKAGE_VERSION "1.0.23"
| #define PACKAGE_STRING "libusb 1.0.23"
| #define PACKAGE_BUGREPORT "libusb-devel@lists.sourceforge.net"
| #define PACKAGE_URL "http://libusb.info"
| #define PACKAGE "libusb"
| #define VERSION "1.0.23"
| #define STDC_HEADERS 1
| #define HAVE_SYS_TYPES_H 1
| #define HAVE_SYS_STAT_H 1
| #define HAVE_STDLIB_H 1
| #define HAVE_STRING_H 1
| #define HAVE_MEMORY_H 1
| #define HAVE_STRINGS_H 1
| #define HAVE_INTTYPES_H 1
| #define HAVE_STDINT_H 1
| #define HAVE_UNISTD_H 1
| #define HAVE_DLFCN_H 1
| #define LT_OBJDIR ".libs/"
| #define _GNU_SOURCE 1
| #define OS_DARWIN 1
| #define HAVE_POLL_H 1
| #define POLL_NFDS_TYPE nfds_t
| #define THREADS_POSIX 1
| #define HAVE_DECL_TFD_NONBLOCK 0
| #define HAVE_DECL_TFD_CLOEXEC 0
| /* end confdefs.h.  */
| /* Define pipe2 to an innocuous variant, in case <limits.h> declares pipe2.
|    For example, HP-UX 11i <limits.h> declares gettimeofday.  */
| #define pipe2 innocuous_pipe2
| 
| /* System header to define __stub macros and hopefully few prototypes,
|     which can conflict with char pipe2 (); below.
|     Prefer <limits.h> to <assert.h> if __STDC__ is defined, since
|     <limits.h> exists even on freestanding compilers.  */
| 
| #ifdef __STDC__
| # include <limits.h>
| #else
| # include <assert.h>
| #endif
| 
| #undef pipe2
| 
| /* Override any GCC internal prototype to avoid an error.
|    Use char because int might match the return type of a GCC
|    builtin and then its argument prototype would still apply.  */
| #ifdef __cplusplus
| extern "C"
| #endif
| char pipe2 ();
| /* The GNU C library defines this for functions which it implements
|     to always fail with ENOSYS.  Some functions are actually named
|     something starting with __ and the normal name is an alias.  */
| #if defined __stub_pipe2 || defined __stub___pipe2
| choke me
| #endif
| 
| int
| main ()
| {
| return pipe2 ();
|   ;
|   return 0;
| }
configure:16806: result: no
configure:16815: checking for struct timespec
configure:16815: gcc -c -g -O2  conftest.c >&5
configure:16815: $? = 0
configure:16815: gcc -c -g -O2  conftest.c >&5
conftest.c:66:30: error: expected expression
if (sizeof ((struct timespec)))
                             ^
1 error generated.
configure:16815: $? = 1
configure: failed program was:
| /* confdefs.h */
| #define PACKAGE_NAME "libusb"
| #define PACKAGE_TARNAME "libusb"
| #define PACKAGE_VERSION "1.0.23"
| #define PACKAGE_STRING "libusb 1.0.23"
| #define PACKAGE_BUGREPORT "libusb-devel@lists.sourceforge.net"
| #define PACKAGE_URL "http://libusb.info"
| #define PACKAGE "libusb"
| #define VERSION "1.0.23"
| #define STDC_HEADERS 1
| #define HAVE_SYS_TYPES_H 1
| #define HAVE_SYS_STAT_H 1
| #define HAVE_STDLIB_H 1
| #define HAVE_STRING_H 1
| #define HAVE_MEMORY_H 1
| #define HAVE_STRINGS_H 1
| #define HAVE_INTTYPES_H 1
| #define HAVE_STDINT_H 1
| #define HAVE_UNISTD_H 1
| #define HAVE_DLFCN_H 1
| #define LT_OBJDIR ".libs/"
| #define _GNU_SOURCE 1
| #define OS_DARWIN 1
| #define HAVE_POLL_H 1
| #define POLL_NFDS_TYPE nfds_t
| #define THREADS_POSIX 1
| #define HAVE_DECL_TFD_NONBLOCK 0
| #define HAVE_DECL_TFD_CLOEXEC 0
| /* end confdefs.h.  */
| #include <stdio.h>
| #ifdef HAVE_SYS_TYPES_H
| # include <sys/types.h>
| #endif
| #ifdef HAVE_SYS_STAT_H
| # include <sys/stat.h>
| #endif
| #ifdef STDC_HEADERS
| # include <stdlib.h>
| # include <stddef.h>
| #else
| # ifdef HAVE_STDLIB_H
| #  include <stdlib.h>
| # endif
| #endif
| #ifdef HAVE_STRING_H
| # if !defined STDC_HEADERS && defined HAVE_MEMORY_H
| #  include <memory.h>
| # endif
| # include <string.h>
| #endif
| #ifdef HAVE_STRINGS_H
| # include <strings.h>
| #endif
| #ifdef HAVE_INTTYPES_H
| # include <inttypes.h>
| #endif
| #ifdef HAVE_STDINT_H
| # include <stdint.h>
| #endif
| #ifdef HAVE_UNISTD_H
| # include <unistd.h>
| #endif
| int
| main ()
| {
| if (sizeof ((struct timespec)))
| 	    return 0;
|   ;
|   return 0;
| }
configure:16815: result: yes
configure:16929: checking sys/time.h usability
configure:16929: gcc -c -g -O2  conftest.c >&5
configure:16929: $? = 0
configure:16929: result: yes
configure:16929: checking sys/time.h presence
configure:16929: gcc -E  conftest.c
configure:16929: $? = 0
configure:16929: result: yes
configure:16929: checking for sys/time.h
configure:16929: result: yes
configure:16941: checking for sigaction
configure:16941: gcc -o conftest -g -O2   conftest.c -lobjc -Wl,-framework,IOKit -Wl,-framework,CoreFoundation >&5
configure:16941: $? = 0
configure:16941: result: yes
configure:16972: gcc -c -g -O2 -Werror -fvisibility=hidden  conftest.c >&5
configure:16972: $? = 0
configure:17000: gcc -c -g -O2 -Wno-pointer-sign  conftest.c >&5
configure:17000: $? = 0
configure:17011: checking whether CC supports -std=gnu99
configure:17024: gcc -c -std=gnu99  conftest.c >&5
configure:17024: $? = 0
configure:17025: result: yes
configure:17164: checking that generated files are newer than configure
configure:17170: result: done
configure:17249: creating ./config.status

## ---------------------- ##
## Running config.status. ##
## ---------------------- ##

This file was extended by libusb config.status 1.0.23, which was
generated by GNU Autoconf 2.69.  Invocation command line was

  CONFIG_FILES    = 
  CONFIG_HEADERS  = 
  CONFIG_LINKS    = 
  CONFIG_COMMANDS = 
  $ ./config.status 

on MacBook-Air-van-Vandijck.local

config.status:1249: creating libusb-1.0.pc
config.status:1249: creating Makefile
config.status:1249: creating libusb/Makefile
config.status:1249: creating examples/Makefile
config.status:1249: creating tests/Makefile
config.status:1249: creating doc/Makefile
config.status:1249: creating doc/doxygen.cfg
config.status:1249: creating config.h
config.status:1478: executing depfiles commands
config.status:1478: executing libtool commands

## ---------------- ##
## Cache variables. ##
## ---------------- ##

ac_cv_build=x86_64-apple-darwin19.0.0
ac_cv_c_compiler_gnu=yes
ac_cv_c_inline=inline
ac_cv_cxx_compiler_gnu=yes
ac_cv_env_CCC_set=
ac_cv_env_CCC_value=
ac_cv_env_CC_set=
ac_cv_env_CC_value=
ac_cv_env_CFLAGS_set=
ac_cv_env_CFLAGS_value=
ac_cv_env_CPPFLAGS_set=
ac_cv_env_CPPFLAGS_value=
ac_cv_env_CPP_set=
ac_cv_env_CPP_value=
ac_cv_env_CXXCPP_set=
ac_cv_env_CXXCPP_value=
ac_cv_env_CXXFLAGS_set=
ac_cv_env_CXXFLAGS_value=
ac_cv_env_CXX_set=
ac_cv_env_CXX_value=
ac_cv_env_LDFLAGS_set=
ac_cv_env_LDFLAGS_value=
ac_cv_env_LIBS_set=
ac_cv_env_LIBS_value=
ac_cv_env_LT_SYS_LIBRARY_PATH_set=
ac_cv_env_LT_SYS_LIBRARY_PATH_value=
ac_cv_env_build_alias_set=
ac_cv_env_build_alias_value=
ac_cv_env_host_alias_set=
ac_cv_env_host_alias_value=
ac_cv_env_target_alias_set=
ac_cv_env_target_alias_value=
ac_cv_func_pipe2=no
ac_cv_func_sigaction=yes
ac_cv_have_decl_TFD_CLOEXEC=no
ac_cv_have_decl_TFD_NONBLOCK=no
ac_cv_header_dlfcn_h=yes
ac_cv_header_inttypes_h=yes
ac_cv_header_memory_h=yes
ac_cv_header_poll_h=yes
ac_cv_header_stdc=yes
ac_cv_header_stdint_h=yes
ac_cv_header_stdlib_h=yes
ac_cv_header_string_h=yes
ac_cv_header_strings_h=yes
ac_cv_header_sys_stat_h=yes
ac_cv_header_sys_time_h=yes
ac_cv_header_sys_timerfd_h=no
ac_cv_header_sys_types_h=yes
ac_cv_header_unistd_h=yes
ac_cv_host=x86_64-apple-darwin19.0.0
ac_cv_objext=o
ac_cv_path_EGREP='/usr/bin/grep -E'
ac_cv_path_FGREP='/usr/bin/grep -F'
ac_cv_path_GREP=/usr/bin/grep
ac_cv_path_SED=/usr/bin/sed
ac_cv_path_install='/usr/bin/install -c'
ac_cv_path_lt_DD=/bin/dd
ac_cv_prog_AWK=awk
ac_cv_prog_CPP='gcc -E'
ac_cv_prog_CXXCPP='g++ -E'
ac_cv_prog_ac_ct_AR=ar
ac_cv_prog_ac_ct_CC=gcc
ac_cv_prog_ac_ct_CXX=g++
ac_cv_prog_ac_ct_DSYMUTIL=dsymutil
ac_cv_prog_ac_ct_LIPO=lipo
ac_cv_prog_ac_ct_NMEDIT=nmedit
ac_cv_prog_ac_ct_OBJDUMP=objdump
ac_cv_prog_ac_ct_OTOOL=otool
ac_cv_prog_ac_ct_RANLIB=ranlib
ac_cv_prog_ac_ct_STRIP=strip
ac_cv_prog_cc_c89=
ac_cv_prog_cc_g=yes
ac_cv_prog_cxx_g=yes
ac_cv_prog_make_make_set=yes
ac_cv_type_nfds_t=yes
ac_cv_type_struct_timespec=yes
am_cv_CC_dependencies_compiler_type=gcc3
am_cv_CXX_dependencies_compiler_type=gcc3
am_cv_make_support_nested_variables=yes
am_cv_prog_cc_c_o=yes
lt_cv_apple_cc_single_mod=yes
lt_cv_ar_at_file=no
lt_cv_deplibs_check_method=pass_all
lt_cv_file_magic_cmd='$MAGIC_CMD'
lt_cv_file_magic_test_file=
lt_cv_ld_exported_symbols_list=yes
lt_cv_ld_force_load=yes
lt_cv_ld_reload_flag=-r
lt_cv_nm_interface='BSD nm'
lt_cv_objdir=.libs
lt_cv_path_LD=/Applications/Xcode.app/Contents/Developer/Toolchains/XcodeDefault.xctoolchain/usr/bin/ld
lt_cv_path_LDCXX=/Applications/Xcode.app/Contents/Developer/Toolchains/XcodeDefault.xctoolchain/usr/bin/ld
lt_cv_path_NM='/usr/bin/nm -B'
lt_cv_path_mainfest_tool=no
lt_cv_prog_compiler_c_o=yes
lt_cv_prog_compiler_c_o_CXX=yes
lt_cv_prog_compiler_c_o_RC=yes
lt_cv_prog_compiler_pic='-fno-common -DPIC'
lt_cv_prog_compiler_pic_CXX='-fno-common -DPIC'
lt_cv_prog_compiler_pic_works=yes
lt_cv_prog_compiler_pic_works_CXX=yes
lt_cv_prog_compiler_rtti_exceptions=yes
lt_cv_prog_compiler_static_works=no
lt_cv_prog_compiler_static_works_CXX=no
lt_cv_prog_gnu_ld=no
lt_cv_prog_gnu_ldcxx=no
lt_cv_sharedlib_from_linklib_cmd='printf %s\n'
lt_cv_sys_global_symbol_pipe='sed -n -e '\''s/^.*[	 ]\([BCDEGRST][BCDEGRST]*\)[	 ][	 ]*_\([_A-Za-z][_A-Za-z0-9]*\)$/\1 _\2 \2/p'\'' | sed '\''/ __gnu_lto/d'\'''
lt_cv_sys_global_symbol_to_c_name_address='sed -n -e '\''s/^: \(.*\) .*$/  {"\1", (void *) 0},/p'\'' -e '\''s/^[BCDEGRST][BCDEGRST]* .* \(.*\)$/  {"\1", (void *) \&\1},/p'\'''
lt_cv_sys_global_symbol_to_c_name_address_lib_prefix='sed -n -e '\''s/^: \(.*\) .*$/  {"\1", (void *) 0},/p'\'' -e '\''s/^[BCDEGRST][BCDEGRST]* .* \(lib.*\)$/  {"\1", (void *) \&\1},/p'\'' -e '\''s/^[BCDEGRST][BCDEGRST]* .* \(.*\)$/  {"lib\1", (void *) \&\1},/p'\'''
lt_cv_sys_global_symbol_to_cdecl='sed -n -e '\''s/^T .* \(.*\)$/extern int \1();/p'\'' -e '\''s/^[BCDEGRST][BCDEGRST]* .* \(.*\)$/extern char \1;/p'\'''
lt_cv_sys_global_symbol_to_import=
lt_cv_sys_max_cmd_len=196608
lt_cv_to_host_file_cmd=func_convert_file_noop
lt_cv_to_tool_file_cmd=func_convert_file_noop
lt_cv_truncate_bin='/bin/dd bs=4096 count=1'

## ----------------- ##
## Output variables. ##
## ----------------- ##

ACLOCAL='${SHELL} /Users/andyvand/Downloads/SmartcardCCID-55019.0.1/libusb/libusb/missing aclocal-1.15'
AMDEPBACKSLASH='\'
AMDEP_FALSE='#'
AMDEP_TRUE=''
AMTAR='$${TAR-tar}'
AM_BACKSLASH='\'
AM_CFLAGS=' -std=gnu99 -Wall -Wundef -Wunused -Wstrict-prototypes -Werror-implicit-function-declaration -Wno-pointer-sign -Wshadow  -fvisibility=hidden'
AM_DEFAULT_V='$(AM_DEFAULT_VERBOSITY)'
AM_DEFAULT_VERBOSITY='0'
AM_V='$(V)'
AR='ar'
AUTOCONF='${SHELL} /Users/andyvand/Downloads/SmartcardCCID-55019.0.1/libusb/libusb/missing autoconf'
AUTOHEADER='${SHELL} /Users/andyvand/Downloads/SmartcardCCID-55019.0.1/libusb/libusb/missing autoheader'
AUTOMAKE='${SHELL} /Users/andyvand/Downloads/SmartcardCCID-55019.0.1/libusb/libusb/missing automake-1.15'
AWK='awk'
BUILD_EXAMPLES_FALSE=''
BUILD_EXAMPLES_TRUE='#'
BUILD_TESTS_FALSE=''
BUILD_TESTS_TRUE='#'
CC='gcc'
CCDEPMODE='depmode=gcc3'
CFLAGS='-g -O2'
CPP='gcc -E'
CPPFLAGS=''
CREATE_IMPORT_LIB_FALSE=''
CREATE_IMPORT_LIB_TRUE='#'
CXX='g++'
CXXCPP='g++ -E'
CXXDEPMODE='depmode=gcc3'
CXXFLAGS='-g -O2'
CYGPATH_W='echo'
DEFS='-DHAVE_CONFIG_H'
DEPDIR='.deps'
DLLTOOL='false'
DSYMUTIL='dsymutil'
DUMPBIN=''
ECHO_C='\c'
ECHO_N=''
ECHO_T=''
EGREP='/usr/bin/grep -E'
EXEEXT=''
FGREP='/usr/bin/grep -F'
GREP='/usr/bin/grep'
HAVE_SIGACTION_FALSE='#'
HAVE_SIGACTION_TRUE=''
INSTALL_DATA='${INSTALL} -m 644'
INSTALL_PROGRAM='${INSTALL}'
INSTALL_SCRIPT='${INSTALL}'
INSTALL_STRIP_PROGRAM='$(install_sh) -c -s'
LD='/Applications/Xcode.app/Contents/Developer/Toolchains/XcodeDefault.xctoolchain/usr/bin/ld'
LDFLAGS=''
LIBOBJS=''
LIBS='-lobjc -Wl,-framework,IOKit -Wl,-framework,CoreFoundation'
LIBTOOL='$(SHELL) $(top_builddir)/libtool'
LIPO='lipo'
LN_S='ln -s'
LTLDFLAGS='-version-info 2:0:2 -no-undefined -Wl,-prebind'
LTLIBOBJS=''
LT_SYS_LIBRARY_PATH=''
MAKEINFO='${SHELL} /Users/andyvand/Downloads/SmartcardCCID-55019.0.1/libusb/libusb/missing makeinfo'
MANIFEST_TOOL=':'
MKDIR_P='./install-sh -c -d'
NM='/usr/bin/nm -B'
NMEDIT='nmedit'
OBJDUMP='objdump'
OBJEXT='o'
OS_DARWIN=''
OS_DARWIN_FALSE='#'
OS_DARWIN_TRUE=''
OS_HAIKU=''
OS_HAIKU_FALSE=''
OS_HAIKU_TRUE='#'
OS_LINUX=''
OS_LINUX_FALSE=''
OS_LINUX_TRUE='#'
OS_NETBSD=''
OS_NETBSD_FALSE=''
OS_NETBSD_TRUE='#'
OS_OPENBSD=''
OS_OPENBSD_FALSE=''
OS_OPENBSD_TRUE='#'
OS_SUNOS=''
OS_SUNOS_FALSE=''
OS_SUNOS_TRUE='#'
OS_WINDOWS=''
OS_WINDOWS_FALSE=''
OS_WINDOWS_TRUE='#'
OTOOL64=':'
OTOOL='otool'
PACKAGE='libusb'
PACKAGE_BUGREPORT='libusb-devel@lists.sourceforge.net'
PACKAGE_NAME='libusb'
PACKAGE_STRING='libusb 1.0.23'
PACKAGE_TARNAME='libusb'
PACKAGE_URL='http://libusb.info'
PACKAGE_VERSION='1.0.23'
PATH_SEPARATOR=':'
RANLIB='ranlib'
RC=''
SED='/usr/bin/sed'
SET_MAKE=''
SHELL='/bin/sh'
STRIP='strip'
THREADS_POSIX_FALSE='#'
THREADS_POSIX_TRUE=''
USE_UDEV=''
USE_UDEV_FALSE=''
USE_UDEV_TRUE='#'
VERSION='1.0.23'
ac_ct_AR='ar'
ac_ct_CC='gcc'
ac_ct_CXX='g++'
ac_ct_DUMPBIN=''
am__EXEEXT_FALSE=''
am__EXEEXT_TRUE='#'
am__fastdepCC_FALSE='#'
am__fastdepCC_TRUE=''
am__fastdepCXX_FALSE='#'
am__fastdepCXX_TRUE=''
am__include='include'
am__isrc=''
am__leading_dot='.'
am__nodep='_no'
am__quote=''
am__tar='$${TAR-tar} chof - "$$tardir"'
am__untar='$${TAR-tar} xf -'
bindir='${exec_prefix}/bin'
build='x86_64-apple-darwin19.0.0'
build_alias=''
build_cpu='x86_64'
build_os='darwin19.0.0'
build_vendor='apple'
datadir='${datarootdir}'
datarootdir='${prefix}/share'
docdir='${datarootdir}/doc/${PACKAGE_TARNAME}'
dvidir='${docdir}'
exec_prefix='${prefix}'
host='x86_64-apple-darwin19.0.0'
host_alias=''
host_cpu='x86_64'
host_os='darwin19.0.0'
host_vendor='apple'
htmldir='${docdir}'
includedir='${prefix}/include'
infodir='${datarootdir}/info'
install_sh='${SHELL} /Users/andyvand/Downloads/SmartcardCCID-55019.0.1/libusb/libusb/install-sh'
libdir='${exec_prefix}/lib'
libexecdir='${exec_prefix}/libexec'
localedir='${datarootdir}/locale'
localstatedir='${prefix}/var'
mandir='${datarootdir}/man'
mkdir_p='$(MKDIR_P)'
oldincludedir='/usr/include'
pdfdir='${docdir}'
prefix='/usr/local'
program_transform_name='s,x,x,'
psdir='${docdir}'
runstatedir='${localstatedir}/run'
sbindir='${exec_prefix}/sbin'
sharedstatedir='${prefix}/com'
sysconfdir='${prefix}/etc'
target_alias=''

## ----------- ##
## confdefs.h. ##
## ----------- ##

/* confdefs.h */
#define PACKAGE_NAME "libusb"
#define PACKAGE_TARNAME "libusb"
#define PACKAGE_VERSION "1.0.23"
#define PACKAGE_STRING "libusb 1.0.23"
#define PACKAGE_BUGREPORT "libusb-devel@lists.sourceforge.net"
#define PACKAGE_URL "http://libusb.info"
#define PACKAGE "libusb"
#define VERSION "1.0.23"
#define STDC_HEADERS 1
#define HAVE_SYS_TYPES_H 1
#define HAVE_SYS_STAT_H 1
#define HAVE_STDLIB_H 1
#define HAVE_STRING_H 1
#define HAVE_MEMORY_H 1
#define HAVE_STRINGS_H 1
#define HAVE_INTTYPES_H 1
#define HAVE_STDINT_H 1
#define HAVE_UNISTD_H 1
#define HAVE_DLFCN_H 1
#define LT_OBJDIR ".libs/"
#define _GNU_SOURCE 1
#define OS_DARWIN 1
#define HAVE_POLL_H 1
#define POLL_NFDS_TYPE nfds_t
#define THREADS_POSIX 1
#define HAVE_DECL_TFD_NONBLOCK 0
#define HAVE_DECL_TFD_CLOEXEC 0
#define HAVE_STRUCT_TIMESPEC 1
#define ENABLE_LOGGING 1
#define HAVE_SYS_TIME_H 1
#define DEFAULT_VISIBILITY __attribute__((visibility("default")))

configure: exit 0
